<?xml version="1.0" encoding="UTF-8"?>
<!-- Generated by org.testng.reporters.JUnitReportReporter -->
<testsuite hostname="LAPTOP-1E5OSFLE" name="com.scripts.YoutubeIconTest" tests="1" failures="0" timestamp="27 Mar 2021 09:41:10 GMT" time="7.070" errors="0">
  <testcase name="youtubeIconClick" time="7.070" classname="com.scripts.YoutubeIconTest"/>
</testsuite> <!-- com.scripts.YoutubeIconTest -->
