<?xml version="1.0" encoding="UTF-8"?>
<!-- Generated by org.testng.reporters.JUnitReportReporter -->
<testsuite hostname="LAPTOP-1E5OSFLE" name="com.scripts.HRMProductVersionTest" tests="1" failures="0" timestamp="27 Mar 2021 09:14:20 GMT" time="16.313" errors="0">
  <testcase name="productVersion" time="16.313" classname="com.scripts.HRMProductVersionTest"/>
</testsuite> <!-- com.scripts.HRMProductVersionTest -->
