<?xml version="1.0" encoding="UTF-8"?>
<!-- Generated by org.testng.reporters.JUnitReportReporter -->
<testsuite hostname="LAPTOP-1E5OSFLE" name="com.scripts.LoginValidCredentials" tests="1" failures="0" timestamp="24 Mar 2021 16:02:13 GMT" time="14.066" errors="0">
  <testcase name="loginvalid" time="14.066" classname="com.scripts.LoginValidCredentials"/>
</testsuite> <!-- com.scripts.LoginValidCredentials -->
