<?xml version="1.0" encoding="UTF-8"?>
<!-- Generated by org.testng.reporters.JUnitReportReporter -->
<testsuite hostname="LAPTOP-1E5OSFLE" name="com.scripts.CrossBrowserTest" tests="1" failures="0" timestamp="26 Mar 2021 07:39:13 GMT" time="6.419" errors="0">
  <testcase name="nonFunction" time="6.419" classname="com.scripts.CrossBrowserTest"/>
</testsuite> <!-- com.scripts.CrossBrowserTest -->
