<?xml version="1.0" encoding="UTF-8"?>
<!-- Generated by org.testng.reporters.JUnitReportReporter -->
<testsuite hostname="LAPTOP-1E5OSFLE" name="com.scripts.SubscribeTest" tests="1" failures="0" timestamp="26 Mar 2021 16:55:22 GMT" time="34.175" errors="0">
  <testcase name="addingSubscribe" time="34.175" classname="com.scripts.SubscribeTest"/>
</testsuite> <!-- com.scripts.SubscribeTest -->
