<?xml version="1.0" encoding="UTF-8"?>
<!-- Generated by org.testng.reporters.JUnitReportReporter -->
<testsuite hostname="LAPTOP-1E5OSFLE" name="com.scripts.LoginInvalidCredentialsTest" tests="1" failures="0" timestamp="26 Mar 2021 16:33:39 GMT" time="37.622" errors="0">
  <testcase name="loginInvalid" time="37.622" classname="com.scripts.LoginInvalidCredentialsTest"/>
</testsuite> <!-- com.scripts.LoginInvalidCredentialsTest -->
