<?xml version="1.0" encoding="UTF-8"?>
<!-- Generated by org.testng.reporters.JUnitReportReporter -->
<testsuite hostname="LAPTOP-1E5OSFLE" name="com.scripts.SubscribeTest" tests="1" failures="0" timestamp="26 Mar 2021 17:09:46 GMT" time="17.810" errors="0">
  <testcase name="addingSubscribe" time="17.810" classname="com.scripts.SubscribeTest"/>
</testsuite> <!-- com.scripts.SubscribeTest -->
