<?xml version="1.0" encoding="UTF-8"?>
<!-- Generated by org.testng.reporters.JUnitReportReporter -->
<testsuite hostname="LAPTOP-1E5OSFLE" name="com.scripts.LoginValidCredentialsTest" tests="1" failures="0" timestamp="25 Mar 2021 14:53:49 GMT" time="12.721" errors="0">
  <testcase name="loginvalid" time="12.721" classname="com.scripts.LoginValidCredentialsTest"/>
</testsuite> <!-- com.scripts.LoginValidCredentialsTest -->
