<?xml version="1.0" encoding="UTF-8"?>
<!-- Generated by org.testng.reporters.JUnitReportReporter -->
<testsuite hostname="LAPTOP-1E5OSFLE" name="com.scripts.LoginURLAndTitleTest" tests="1" failures="0" timestamp="26 Mar 2021 07:39:13 GMT" time="15.528" errors="0">
  <testcase name="urlTitle" time="15.528" classname="com.scripts.LoginURLAndTitleTest"/>
</testsuite> <!-- com.scripts.LoginURLAndTitleTest -->
