<?xml version="1.0" encoding="UTF-8"?>
<!-- Generated by org.testng.reporters.JUnitReportReporter -->
<testsuite hostname="LAPTOP-1E5OSFLE" name="com.scripts.IconsTest" tests="1" failures="0" timestamp="27 Mar 2021 09:37:06 GMT" time="8.105" errors="0">
  <testcase name="iconsClick" time="8.105" classname="com.scripts.IconsTest"/>
</testsuite> <!-- com.scripts.IconsTest -->
