<?xml version="1.0" encoding="UTF-8"?>
<!-- Generated by org.testng.reporters.JUnitReportReporter -->
<testsuite hostname="LAPTOP-1E5OSFLE" name="com.scripts.LoginValidCredentialsTest" tests="1" failures="0" timestamp="26 Mar 2021 07:39:13 GMT" time="28.521" errors="0">
  <testcase name="loginvalid" time="28.521" classname="com.scripts.LoginValidCredentialsTest"/>
</testsuite> <!-- com.scripts.LoginValidCredentialsTest -->
