<?xml version="1.0" encoding="UTF-8"?>
<!-- Generated by org.testng.reporters.JUnitReportReporter -->
<testsuite hostname="LAPTOP-1E5OSFLE" name="com.scripts.CrossBrowserTest" tests="1" failures="0" timestamp="25 Mar 2021 14:53:50 GMT" time="3.374" errors="0">
  <testcase name="nonFunction" time="3.374" classname="com.scripts.CrossBrowserTest"/>
</testsuite> <!-- com.scripts.CrossBrowserTest -->
