<?xml version="1.0" encoding="UTF-8"?>
<!-- Generated by org.testng.reporters.JUnitReportReporter -->
<testsuite hostname="LAPTOP-1E5OSFLE" name="com.scripts.LoginInvalidCredentialsTest" tests="1" failures="0" timestamp="25 Mar 2021 14:53:50 GMT" time="11.529" errors="0">
  <testcase name="loginInvalid" time="11.529" classname="com.scripts.LoginInvalidCredentialsTest"/>
</testsuite> <!-- com.scripts.LoginInvalidCredentialsTest -->
