<?xml version="1.0" encoding="UTF-8"?>
<!-- Generated by org.testng.reporters.JUnitReportReporter -->
<testsuite hostname="LAPTOP-1E5OSFLE" name="com.scripts.LoginWithIETest" tests="1" failures="0" timestamp="26 Mar 2021 16:33:39 GMT" time="82.900" errors="0">
  <testcase name="loginWithIE" time="82.900" classname="com.scripts.LoginWithIETest"/>
</testsuite> <!-- com.scripts.LoginWithIETest -->
