<?xml version="1.0" encoding="UTF-8"?>
<!-- Generated by org.testng.reporters.JUnitReportReporter -->
<testsuite hostname="LAPTOP-1E5OSFLE" name="com.scripts.LoginURLAndTitleTest" tests="1" failures="0" timestamp="26 Mar 2021 16:33:39 GMT" time="11.311" errors="0">
  <testcase name="urlTitle" time="11.311" classname="com.scripts.LoginURLAndTitleTest"/>
</testsuite> <!-- com.scripts.LoginURLAndTitleTest -->
